<?xml version="1.0" encoding="UTF-8"?>
<!-- Generated by org.testng.reporters.JUnitReportReporter -->
<testsuite hostname="LAPTOP-ALVRLO6C" name="org.testing.TestScripts.Studentt" tests="2" failures="0" timestamp="12 Feb 2022 04:56:39 GMT" time="0.008" errors="0">
  <testcase name="testCase1" time="0.006" classname="org.testing.TestScripts.Studentt"/>
  <testcase name="testCase2" time="0.002" classname="org.testing.TestScripts.Studentt"/>
</testsuite> <!-- org.testing.TestScripts.Studentt -->
