<?xml version="1.0" encoding="UTF-8"?>
<!-- Generated by org.testng.reporters.JUnitReportReporter -->
<testsuite hostname="LAPTOP-ALVRLO6C" name="org.testing.TestScripts.ClassB" tests="2" failures="0" timestamp="12 Feb 2022 05:06:22 GMT" time="0.002" errors="0">
  <testcase name="method1" time="0.001" classname="org.testing.TestScripts.ClassB"/>
  <testcase name="method2" time="0.001" classname="org.testing.TestScripts.ClassB"/>
</testsuite> <!-- org.testing.TestScripts.ClassB -->
