<?xml version="1.0" encoding="UTF-8"?>
<!-- Generated by org.testng.reporters.JUnitReportReporter -->
<testsuite hostname="LAPTOP-ALVRLO6C" name="org.testing.TestScripts.ClassABC" tests="1" failures="0" timestamp="5 Mar 2022 16:19:09 GMT" time="0.022" errors="0">
  <testcase name="testCase1" time="0.022" classname="org.testing.TestScripts.ClassABC"/>
</testsuite> <!-- org.testing.TestScripts.ClassABC -->
